<?xml version="1.0" encoding="UTF-8"?>
<!-- Generated by org.testng.reporters.JUnitReportReporter -->
<testsuite hostname="Shagars-MBP.lan" failures="0" tests="3" name="runner.TestRunner" time="79.530" errors="0" timestamp="23 Jul 2023 16:15:43 GMT" skipped="0">
  <testcase classname="runner.TestRunner" name="runScenario" time="24.700"/>
  <testcase classname="runner.TestRunner" name="runScenario" time="32.728"/>
  <testcase classname="runner.TestRunner" name="runScenario" time="22.102"/>
</testsuite> <!-- runner.TestRunner -->
